# JRE version: OpenJDK Runtime Environment (8.0_101-b14) (build 1.8.0_101-b14)
# Java VM: OpenJDK 64-Bit Server VM (25.101-b14 mixed mode linux-amd64 compressed oops)
Heap:
 PSYoungGen      total 577536K, used 325284K [0x000000076d200000, 0x0000000799780000, 0x00000007c0000000)
  eden space 563200K, 55% used [0x000000076d200000,0x000000078039fe08,0x000000078f800000)
  from space 14336K, 85% used [0x000000078f800000,0x00000007904091f8,0x0000000790600000)
  to   space 15360K, 0% used [0x0000000798880000,0x0000000798880000,0x0000000799780000)
 ParOldGen       total 136192K, used 22850K [0x00000006c7600000, 0x00000006cfb00000, 0x000000076d200000)
  object space 136192K, 16% used [0x00000006c7600000,0x00000006c8c50870,0x00000006cfb00000)
 Metaspace       used 41420K, capacity 55095K, committed 55168K, reserved 1089536K
  class space    used 10376K, capacity 14940K, committed 14976K, reserved 1048576K
GC Heap History (10 events):
Event: 30.825 GC heap before
{Heap before GC invocations=9 (full 1):
 PSYoungGen      total 260608K, used 49376K [0x000000076d200000, 0x000000078ab00000, 0x00000007c0000000)
  eden space 244736K, 16% used [0x000000076d200000,0x000000076fa3d788,0x000000077c100000)
  from space 15872K, 51% used [0x000000077c100000,0x000000077c8fa8c8,0x000000077d080000)
  to   space 14848K, 0% used [0x0000000789c80000,0x0000000789c80000,0x000000078ab00000)
 ParOldGen       total 88576K, used 14497K [0x00000006c7600000, 0x00000006ccc80000, 0x000000076d200000)
  object space 88576K, 16% used [0x00000006c7600000,0x00000006c8428618,0x00000006ccc80000)
 Metaspace       used 29211K, capacity 35339K, committed 35496K, reserved 1075200K
  class space    used 6909K, capacity 9215K, committed 9216K, reserved 1048576K
Event: 30.836 GC heap after
Heap after GC invocations=9 (full 1):
 PSYoungGen      total 470016K, used 8593K [0x000000076d200000, 0x000000078b780000, 0x00000007c0000000)
  eden space 455168K, 0% used [0x000000076d200000,0x000000076d200000,0x0000000788e80000)
  from space 14848K, 57% used [0x0000000789c80000,0x000000078a4e4408,0x000000078ab00000)
  to   space 14336K, 0% used [0x0000000788e80000,0x0000000788e80000,0x0000000789c80000)
 ParOldGen       total 88576K, used 14505K [0x00000006c7600000, 0x00000006ccc80000, 0x000000076d200000)
  object space 88576K, 16% used [0x00000006c7600000,0x00000006c842a618,0x00000006ccc80000)
 Metaspace       used 29211K, capacity 35339K, committed 35496K, reserved 1075200K
  class space    used 6909K, capacity 9215K, committed 9216K, reserved 1048576K
}
Event: 30.836 GC heap before
{Heap before GC invocations=10 (full 2):
 PSYoungGen      total 470016K, used 8593K [0x000000076d200000, 0x000000078b780000, 0x00000007c0000000)
  eden space 455168K, 0% used [0x000000076d200000,0x000000076d200000,0x0000000788e80000)
  from space 14848K, 57% used [0x0000000789c80000,0x000000078a4e4408,0x000000078ab00000)
  to   space 14336K, 0% used [0x0000000788e80000,0x0000000788e80000,0x0000000789c80000)
 ParOldGen       total 88576K, used 14505K [0x00000006c7600000, 0x00000006ccc80000, 0x000000076d200000)
  object space 88576K, 16% used [0x00000006c7600000,0x00000006c842a618,0x00000006ccc80000)
 Metaspace       used 29211K, capacity 35339K, committed 35496K, reserved 1075200K
  class space    used 6909K, capacity 9215K, committed 9216K, reserved 1048576K
Event: 30.988 GC heap after
Heap after GC invocations=10 (full 2):
 PSYoungGen      total 470016K, used 0K [0x000000076d200000, 0x000000078b780000, 0x00000007c0000000)
  eden space 455168K, 0% used [0x000000076d200000,0x000000076d200000,0x0000000788e80000)
  from space 14848K, 0% used [0x0000000789c80000,0x0000000789c80000,0x000000078ab00000)
  to   space 14336K, 0% used [0x0000000788e80000,0x0000000788e80000,0x0000000789c80000)
 ParOldGen       total 136192K, used 22826K [0x00000006c7600000, 0x00000006cfb00000, 0x000000076d200000)
  object space 136192K, 16% used [0x00000006c7600000,0x00000006c8c4a870,0x00000006cfb00000)
 Metaspace       used 29211K, capacity 35339K, committed 35496K, reserved 1075200K
  class space    used 6909K, capacity 9215K, committed 9216K, reserved 1048576K
}
Event: 31.529 GC heap before
{Heap before GC invocations=11 (full 2):
 PSYoungGen      total 470016K, used 455168K [0x000000076d200000, 0x000000078b780000, 0x00000007c0000000)
  eden space 455168K, 100% used [0x000000076d200000,0x0000000788e80000,0x0000000788e80000)
  from space 14848K, 0% used [0x0000000789c80000,0x0000000789c80000,0x000000078ab00000)
  to   space 14336K, 0% used [0x0000000788e80000,0x0000000788e80000,0x0000000789c80000)
 ParOldGen       total 136192K, used 22826K [0x00000006c7600000, 0x00000006cfb00000, 0x000000076d200000)
  object space 136192K, 16% used [0x00000006c7600000,0x00000006c8c4a870,0x00000006cfb00000)
 Metaspace       used 29567K, capacity 35777K, committed 35880K, reserved 1075200K
  class space    used 6979K, capacity 9305K, committed 9344K, reserved 1048576K
Event: 31.533 GC heap after
Heap after GC invocations=11 (full 2):
 PSYoungGen      total 469504K, used 1664K [0x000000076d200000, 0x0000000791480000, 0x00000007c0000000)
  eden space 455168K, 0% used [0x000000076d200000,0x000000076d200000,0x0000000788e80000)
  from space 14336K, 11% used [0x0000000788e80000,0x0000000789020000,0x0000000789c80000)
  to   space 14848K, 0% used [0x0000000790600000,0x0000000790600000,0x0000000791480000)
 ParOldGen       total 136192K, used 22834K [0x00000006c7600000, 0x00000006cfb00000, 0x000000076d200000)
  object space 136192K, 16% used [0x00000006c7600000,0x00000006c8c4c870,0x00000006cfb00000)
 Metaspace       used 29567K, capacity 35777K, committed 35880K, reserved 1075200K
  class space    used 6979K, capacity 9305K, committed 9344K, reserved 1048576K
}
Event: 32.026 GC heap before
{Heap before GC invocations=12 (full 2):
 PSYoungGen      total 469504K, used 456832K [0x000000076d200000, 0x0000000791480000, 0x00000007c0000000)
  eden space 455168K, 100% used [0x000000076d200000,0x0000000788e80000,0x0000000788e80000)
  from space 14336K, 11% used [0x0000000788e80000,0x0000000789020000,0x0000000789c80000)
  to   space 14848K, 0% used [0x0000000790600000,0x0000000790600000,0x0000000791480000)
 ParOldGen       total 136192K, used 22834K [0x00000006c7600000, 0x00000006cfb00000, 0x000000076d200000)
  object space 136192K, 16% used [0x00000006c7600000,0x00000006c8c4c870,0x00000006cfb00000)
 Metaspace       used 30363K, capacity 37133K, committed 37376K, reserved 1077248K
  class space    used 7231K, capacity 9697K, committed 9728K, reserved 1048576K
Event: 32.045 GC heap after
Heap after GC invocations=12 (full 2):
 PSYoungGen      total 578048K, used 6656K [0x000000076d200000, 0x0000000791d80000, 0x00000007c0000000)
  eden space 563200K, 0% used [0x000000076d200000,0x000000076d200000,0x000000078f800000)
  from space 14848K, 44% used [0x0000000790600000,0x0000000790c80000,0x0000000791480000)
  to   space 14336K, 0% used [0x000000078f800000,0x000000078f800000,0x0000000790600000)
 ParOldGen       total 136192K, used 22842K [0x00000006c7600000, 0x00000006cfb00000, 0x000000076d200000)
  object space 136192K, 16% used [0x00000006c7600000,0x00000006c8c4e870,0x00000006cfb00000)
 Metaspace       used 30363K, capacity 37133K, committed 37376K, reserved 1077248K
  class space    used 7231K, capacity 9697K, committed 9728K, reserved 1048576K
}
Event: 33.671 GC heap before
{Heap before GC invocations=13 (full 2):
 PSYoungGen      total 578048K, used 569856K [0x000000076d200000, 0x0000000791d80000, 0x00000007c0000000)
  eden space 563200K, 100% used [0x000000076d200000,0x000000078f800000,0x000000078f800000)
  from space 14848K, 44% used [0x0000000790600000,0x0000000790c80000,0x0000000791480000)
  to   space 14336K, 0% used [0x000000078f800000,0x000000078f800000,0x0000000790600000)
 ParOldGen       total 136192K, used 22842K [0x00000006c7600000, 0x00000006cfb00000, 0x000000076d200000)
  object space 136192K, 16% used [0x00000006c7600000,0x00000006c8c4e870,0x00000006cfb00000)
 Metaspace       used 35686K, capacity 45399K, committed 45568K, reserved 1083392K
  class space    used 8753K, capacity 12007K, committed 12032K, reserved 1048576K
Event: 33.689 GC heap after
Heap after GC invocations=13 (full 2):
 PSYoungGen      total 577536K, used 12324K [0x000000076d200000, 0x0000000799780000, 0x00000007c0000000)
  eden space 563200K, 0% used [0x000000076d200000,0x000000076d200000,0x000000078f800000)
  from space 14336K, 85% used [0x000000078f800000,0x00000007904091f8,0x0000000790600000)
  to   space 15360K, 0% used [0x0000000798880000,0x0000000798880000,0x0000000799780000)
 ParOldGen       total 136192K, used 22850K [0x00000006c7600000, 0x00000006cfb00000, 0x000000076d200000)
  object space 136192K, 16% used [0x00000006c7600000,0x00000006c8c50870,0x00000006cfb00000)
 Metaspace       used 35686K, capacity 45399K, committed 45568K, reserved 1083392K
  class space    used 8753K, capacity 12007K, committed 12032K, reserved 1048576K
}

